# JRE version: Java(TM) SE Runtime Environment (8.0_91-b14) (build 1.8.0_91-b14)
# Java VM: Java HotSpot(TM) 64-Bit Server VM (25.91-b14 mixed mode linux-amd64 compressed oops)
Heap:
 PSYoungGen      total 3584K, used 1216K [0x00000000ec780000, 0x00000000ece80000, 0x0000000100000000)
  eden space 3072K, 22% used [0x00000000ec780000,0x00000000ec830110,0x00000000eca80000)
  from space 512K, 100% used [0x00000000eca80000,0x00000000ecb00000,0x00000000ecb00000)
  to   space 512K, 0% used [0x00000000ece00000,0x00000000ece00000,0x00000000ece80000)
 ParOldGen       total 5632K, used 1307K [0x00000000c5600000, 0x00000000c5b80000, 0x00000000ec780000)
  object space 5632K, 23% used [0x00000000c5600000,0x00000000c5746d68,0x00000000c5b80000)
 Metaspace       used 10296K, capacity 10474K, committed 10752K, reserved 1058816K
  class space    used 1177K, capacity 1253K, committed 1280K, reserved 1048576K
GC Heap History (6 events):
Event: 0,136 GC heap before
{Heap before GC invocations=1 (full 0):
 PSYoungGen      total 2048K, used 1536K [0x00000000ec780000, 0x00000000eca00000, 0x0000000100000000)
  eden space 1536K, 100% used [0x00000000ec780000,0x00000000ec900000,0x00000000ec900000)
  from space 512K, 0% used [0x00000000ec980000,0x00000000ec980000,0x00000000eca00000)
  to   space 512K, 0% used [0x00000000ec900000,0x00000000ec900000,0x00000000ec980000)
 ParOldGen       total 5632K, used 0K [0x00000000c5600000, 0x00000000c5b80000, 0x00000000ec780000)
  object space 5632K, 0% used [0x00000000c5600000,0x00000000c5600000,0x00000000c5b80000)
 Metaspace       used 3828K, capacity 4554K, committed 4864K, reserved 1056768K
  class space    used 411K, capacity 441K, committed 512K, reserved 1048576K
Event: 0,140 GC heap after
Heap after GC invocations=1 (full 0):
 PSYoungGen      total 2048K, used 496K [0x00000000ec780000, 0x00000000ecb80000, 0x0000000100000000)
  eden space 1536K, 0% used [0x00000000ec780000,0x00000000ec780000,0x00000000ec900000)
  from space 512K, 96% used [0x00000000ec900000,0x00000000ec97c010,0x00000000ec980000)
  to   space 512K, 0% used [0x00000000ecb00000,0x00000000ecb00000,0x00000000ecb80000)
 ParOldGen       total 5632K, used 16K [0x00000000c5600000, 0x00000000c5b80000, 0x00000000ec780000)
  object space 5632K, 0% used [0x00000000c5600000,0x00000000c5604000,0x00000000c5b80000)
 Metaspace       used 3828K, capacity 4554K, committed 4864K, reserved 1056768K
  class space    used 411K, capacity 441K, committed 512K, reserved 1048576K
}
Event: 0,209 GC heap before
{Heap before GC invocations=2 (full 0):
 PSYoungGen      total 2048K, used 2032K [0x00000000ec780000, 0x00000000ecb80000, 0x0000000100000000)
  eden space 1536K, 100% used [0x00000000ec780000,0x00000000ec900000,0x00000000ec900000)
  from space 512K, 96% used [0x00000000ec900000,0x00000000ec97c010,0x00000000ec980000)
  to   space 512K, 0% used [0x00000000ecb00000,0x00000000ecb00000,0x00000000ecb80000)
 ParOldGen       total 5632K, used 16K [0x00000000c5600000, 0x00000000c5b80000, 0x00000000ec780000)
  object space 5632K, 0% used [0x00000000c5600000,0x00000000c5604000,0x00000000c5b80000)
 Metaspace       used 4651K, capacity 4726K, committed 4992K, reserved 1056768K
  class space    used 517K, capacity 559K, committed 640K, reserved 1048576K
Event: 0,210 GC heap after
Heap after GC invocations=2 (full 0):
 PSYoungGen      total 3584K, used 512K [0x00000000ec780000, 0x00000000ecb80000, 0x0000000100000000)
  eden space 3072K, 0% used [0x00000000ec780000,0x00000000ec780000,0x00000000eca80000)
  from space 512K, 100% used [0x00000000ecb00000,0x00000000ecb80000,0x00000000ecb80000)
  to   space 512K, 0% used [0x00000000eca80000,0x00000000eca80000,0x00000000ecb00000)
 ParOldGen       total 5632K, used 240K [0x00000000c5600000, 0x00000000c5b80000, 0x00000000ec780000)
  object space 5632K, 4% used [0x00000000c5600000,0x00000000c563c030,0x00000000c5b80000)
 Metaspace       used 4651K, capacity 4726K, committed 4992K, reserved 1056768K
  class space    used 517K, capacity 559K, committed 640K, reserved 1048576K
}
Event: 2,447 GC heap before
{Heap before GC invocations=3 (full 0):
 PSYoungGen      total 3584K, used 3584K [0x00000000ec780000, 0x00000000ecb80000, 0x0000000100000000)
  eden space 3072K, 100% used [0x00000000ec780000,0x00000000eca80000,0x00000000eca80000)
  from space 512K, 100% used [0x00000000ecb00000,0x00000000ecb80000,0x00000000ecb80000)
  to   space 512K, 0% used [0x00000000eca80000,0x00000000eca80000,0x00000000ecb00000)
 ParOldGen       total 5632K, used 240K [0x00000000c5600000, 0x00000000c5b80000, 0x00000000ec780000)
  object space 5632K, 4% used [0x00000000c5600000,0x00000000c563c030,0x00000000c5b80000)
 Metaspace       used 10142K, capacity 10278K, committed 10496K, reserved 1058816K
  class space    used 1174K, capacity 1253K, committed 1280K, reserved 1048576K
Event: 2,451 GC heap after
Heap after GC invocations=3 (full 0):
 PSYoungGen      total 3584K, used 512K [0x00000000ec780000, 0x00000000ece80000, 0x0000000100000000)
  eden space 3072K, 0% used [0x00000000ec780000,0x00000000ec780000,0x00000000eca80000)
  from space 512K, 100% used [0x00000000eca80000,0x00000000ecb00000,0x00000000ecb00000)
  to   space 512K, 0% used [0x00000000ece00000,0x00000000ece00000,0x00000000ece80000)
 ParOldGen       total 5632K, used 1307K [0x00000000c5600000, 0x00000000c5b80000, 0x00000000ec780000)
  object space 5632K, 23% used [0x00000000c5600000,0x00000000c5746d68,0x00000000c5b80000)
 Metaspace       used 10142K, capacity 10278K, committed 10496K, reserved 1058816K
  class space    used 1174K, capacity 1253K, committed 1280K, reserved 1048576K
}

